=== Task 20260405_071908_train | 2026-04-05T07:20:14.954476 ===
CMD: C:\Users\Le Anh Dung\OneDrive\Apps\ck\forex_predictor\venv\Scripts\python.exe C:\Users\Le Anh Dung\OneDrive\Apps\ck\forex_predictor\src\train_unified.py C:\Users\Le Anh Dung\OneDrive\Apps\ck\forex_predictor\data\bot_config_xau.json

📁 Tạo thư mục run: run_20260405_072101_xauusd_TRANSFORMER

=======================================================
🧠 TRANSFORMER UNIFIED MODEL v5.0 (Deep Phoenix)     
=======================================================
🤖 [V5 ARCHITECTURE] d_model=256, nhead=8, layers=3, window=60

📅 [ROLLING WINDOW SPLIT]
   Train : 2026-01-01 → 2026-04-01 (~90 ngày)
   Test  : 2026-04-01 → 2026-04-05 (4 ngày thực chiến)
   -> Train: 10,416 nến | Test thực chiến: 374 nến
⚖️ [Class Weight] SELL=1.044, BUY=0.959
   (4,987 Sell | 5,429 Buy trong 10,416 mẫu Train)
-> [DATASET] Khởi tạo Cửa sổ Trượt: Tổng 10,356 Mẫu. Loại bỏ 0 Mẫu Rách (Nến Ma > 15%).
-> [DATASET] Khởi tạo Cửa sổ Trượt: Tổng 314 Mẫu. Loại bỏ 0 Mẫu Rách (Nến Ma > 15%).
🧬 [DUAL-STREAM] TARGET (xauusd): 18 | Macro: 68

♻️  Tìm thấy checkpoint: C:\Users\Le Anh Dung\OneDrive\Apps\ck\forex_predictor\runs\run_20260404_231842_xauusd_TRANSFORMER\xauusd_unified_weights.pth
    ✅ TRANSFER LEARNING: Kế thừa Core Memory từ run_20260404_231842_xauusd_TRANSFORMER
    🔄 Đang tính toán Win Rate Baseline trên bộ Validate hiện tại...
    📊 Baseline Win Rate TÍNH LẠI: 55.6%
    💾 Đã lưu bản đầu tiên (baseline 55.6%) vào run hiện tại.
Epoch 0001 | VLoss: 0.9031 | LR: 1.00e-04 | WR: 51.3% | MaxTh: 0.92
  >50%: 51.3%(314L) | >64%: 52.7%(237L) | >78%: 55.8%(163L) | >92%: 48.4%(31L)
  🏆 TÌM THẤY ĐỈNH MỚI! Cập nhật Top 2 cấu hình. MaxTh=0.92 >50%: 51.3%(314L) | >64%: 52.7%(237L) | >78%: 55.8%(163L) | >92%: 48.4%(31L)
Epoch 0002 | VLoss: 0.9272 | LR: 1.00e-04 | WR: 50.3% | MaxTh: 0.93
  >50%: 50.3%(314L) | >64%: 50.4%(244L) | >79%: 55.6%(160L) | >93%: 53.1%(32L)
  🏆 TÌM THẤY ĐỈNH MỚI! Cập nhật Top 3 cấu hình. MaxTh=0.93 >50%: 50.3%(314L) | >64%: 50.4%(244L) | >79%: 55.6%(160L) | >93%: 53.1%(32L)
Epoch 0003 | VLoss: 0.9671 | LR: 1.00e-04 | WR: 49.0% | MaxTh: 0.94
  >50%: 49.0%(314L) | >65%: 50.2%(257L) | >79%: 55.9%(177L) | >94%: 60.0%(30L)
  🏆 TÌM THẤY ĐỈNH MỚI! Cập nhật Top 4 cấu hình. MaxTh=0.94 >50%: 49.0%(314L) | >65%: 50.2%(257L) | >79%: 55.9%(177L) | >94%: 60.0%(30L)
Epoch 0004 | VLoss: 0.9666 | LR: 1.00e-04 | WR: 52.2% | MaxTh: 0.94
  >50%: 52.2%(314L) | >65%: 49.4%(245L) | >79%: 56.6%(175L) | >94%: 54.3%(35L)
  🏆 TÌM THẤY ĐỈNH MỚI! Cập nhật Top 4 cấu hình. MaxTh=0.94 >50%: 52.2%(314L) | >65%: 49.4%(245L) | >79%: 56.6%(175L) | >94%: 54.3%(35L)
Epoch 0005 | VLoss: 0.9798 | LR: 1.00e-04 | WR: 50.6% | MaxTh: 0.94
  >50%: 50.6%(314L) | >65%: 51.2%(256L) | >79%: 57.6%(177L) | >94%: 55.3%(38L)
  🏆 TÌM THẤY ĐỈNH MỚI! Cập nhật Top 4 cấu hình. MaxTh=0.94 >50%: 50.6%(314L) | >65%: 51.2%(256L) | >79%: 57.6%(177L) | >94%: 55.3%(38L)
Epoch 0006 | VLoss: 0.9811 | LR: 1.00e-04 | WR: 49.7% | MaxTh: 0.94
  >50%: 49.7%(314L) | >65%: 50.4%(256L) | >79%: 57.7%(182L) | >94%: 61.4%(44L)
  🏆 TÌM THẤY ĐỈNH MỚI! Cập nhật Top 4 cấu hình. MaxTh=0.94 >50%: 49.7%(314L) | >65%: 50.4%(256L) | >79%: 57.7%(182L) | >94%: 61.4%(44L)
Epoch 0007 | VLoss: 1.0052 | LR: 1.00e-04 | WR: 51.0% | MaxTh: 0.95
  >50%: 51.0%(314L) | >65%: 51.6%(258L) | >80%: 56.6%(189L) | >95%: 67.6%(37L)
  🏆 TÌM THẤY ĐỈNH MỚI! Cập nhật Top 4 cấu hình. MaxTh=0.95 >50%: 51.0%(314L) | >65%: 51.6%(258L) | >80%: 56.6%(189L) | >95%: 67.6%(37L)
Epoch 0008 | VLoss: 0.9782 | LR: 1.00e-04 | WR: 51.6% | MaxTh: 0.94
  >50%: 51.6%(314L) | >65%: 51.4%(253L) | >79%: 56.9%(181L) | >94%: 59.2%(49L)
  🏆 TÌM THẤY ĐỈNH MỚI! Cập nhật Top 4 cấu hình. MaxTh=0.94 >50%: 51.6%(314L) | >65%: 51.4%(253L) | >79%: 56.9%(181L) | >94%: 59.2%(49L)
