=== Task 20260404_131419_train | 2026-04-04T13:14:27.437635 ===
CMD: C:\Users\Le Anh Dung\OneDrive\Apps\ck\forex_predictor\venv\Scripts\python.exe C:\Users\Le Anh Dung\OneDrive\Apps\ck\forex_predictor\src\train_unified.py C:\Users\Le Anh Dung\OneDrive\Apps\ck\forex_predictor\data\bot_config_ltc.json

📁 Tạo thư mục run: run_20260404_131438_ltcusd_TRANSFORMER

=======================================================
🧠 TRANSFORMER UNIFIED MODEL v4.0 (Phoenix Restart)  
=======================================================
🤖 [TRANSFORMER] d_model=128, nhead=4, layers=2, window=30

📅 [ROLLING WINDOW SPLIT]
   Train : 2026-03-01 → 2026-03-31 (~30 ngày)
   Test  : 2026-03-31 → 2026-04-04 (4 ngày thực chiến)
   -> Train: 43,200 nến | Test thực chiến: 4,219 nến
⚖️ [Class Weight] SELL=0.932, BUY=1.078
   (23,164 Sell | 20,036 Buy trong 43,200 mẫu Train)
-> [DATASET] Khởi tạo Cửa sổ Trượt: Tổng 43,170 Mẫu. Loại bỏ 0 Mẫu Rách (Nến Ma > 15%).
-> [DATASET] Khởi tạo Cửa sổ Trượt: Tổng 4,189 Mẫu. Loại bỏ 0 Mẫu Rách (Nến Ma > 15%).
🧬 [DUAL-STREAM] TARGET (ltcusd): 15 | Macro: 64

♻️  Tìm thấy checkpoint: C:\Users\Le Anh Dung\OneDrive\Apps\ck\forex_predictor\runs\run_20260404_114630_ltcusd_TRANSFORMER\ltcusd_unified_weights.pth
    ✅ RESUME THÀNH CÔNG từ run_20260404_114630_ltcusd_TRANSFORMER
    📊 Baseline Win Rate từ lịch sử: 64.3%
    💾 Đã lưu bản đầu tiên (baseline 64.3%) vào run hiện tại.
Epoch 0001 | VLoss: 0.6931 | LR: 1.00e-04 | WR: 52.0% | MaxTh: 0.74
  >50%: 52.0%(4189L) | >58%: 55.1%(767L) | >66%: 58.9%(124L) | >74%: 64.7%(34L)
Epoch 0002 | VLoss: 0.6937 | LR: 1.00e-04 | WR: 53.2% | MaxTh: 0.73
  >50%: 53.2%(4189L) | >58%: 54.4%(881L) | >65%: 59.0%(134L) | >73%: 56.8%(37L)
Epoch 0003 | VLoss: 0.6934 | LR: 1.00e-04 | WR: 52.2% | MaxTh: 0.72
  >50%: 52.2%(4189L) | >57%: 53.6%(905L) | >65%: 55.5%(146L) | >72%: 60.0%(35L)
Epoch 0004 | VLoss: 0.6959 | LR: 1.00e-04 | WR: 51.3% | MaxTh: 0.77
  >50%: 51.3%(4189L) | >59%: 53.8%(832L) | >68%: 54.8%(157L) | >77%: 63.3%(30L)
Epoch 0005 | VLoss: 0.6941 | LR: 1.00e-04 | WR: 52.5% | MaxTh: 0.75
  >50%: 52.5%(4189L) | >58%: 53.8%(767L) | >67%: 60.2%(113L) | >75%: 51.6%(31L)
Epoch 0006 | VLoss: 0.6943 | LR: 1.00e-04 | WR: 52.6% | MaxTh: 0.76
  >50%: 52.6%(4189L) | >59%: 55.0%(757L) | >67%: 58.4%(125L) | >76%: 54.5%(33L)
Epoch 0007 | VLoss: 0.6943 | LR: 1.00e-04 | WR: 52.9% | MaxTh: 0.78
  >50%: 52.9%(4189L) | >59%: 56.1%(642L) | >69%: 56.9%(123L) | >78%: 56.2%(32L)
Epoch 0008 | VLoss: 0.6948 | LR: 1.00e-04 | WR: 52.6% | MaxTh: 0.78
  >50%: 52.6%(4189L) | >59%: 53.7%(691L) | >69%: 55.9%(136L) | >78%: 62.2%(37L)
Epoch 0009 | VLoss: 0.6946 | LR: 1.00e-04 | WR: 52.1% | MaxTh: 0.78
  >50%: 52.1%(4189L) | >59%: 54.1%(682L) | >69%: 54.0%(126L) | >78%: 56.7%(30L)
Epoch 0010 | VLoss: 0.6947 | LR: 1.00e-04 | WR: 52.1% | MaxTh: 0.79
  >50%: 52.1%(4189L) | >60%: 53.6%(633L) | >69%: 58.3%(132L) | >79%: 60.6%(33L)

🔁 [PHOENIX #1] Tái nạp trọng số tốt nhất (64.3%) sau 10 epoch stagnation...
  🎲 Chiến lược D: Batch Shuffle → batch_size=256 (gradient đa dạng hơn)
   → Tiếp tục khám phá (còn 39 lần tái sinh)

Epoch 0011 [P1]| VLoss: 0.6957 | LR: 1.00e-04 | WR: 51.5% | MaxTh: 0.78
  >50%: 51.5%(4189L) | >59%: 49.9%(772L) | >69%: 57.8%(161L) | >78%: 71.0%(31L)
Epoch 0012 [P1]| VLoss: 0.6943 | LR: 1.00e-04 | WR: 52.7% | MaxTh: 0.74
  >50%: 52.7%(4189L) | >58%: 54.8%(876L) | >66%: 56.7%(120L) | >74%: 61.3%(31L)
Epoch 0013 [P1]| VLoss: 0.6938 | LR: 1.00e-04 | WR: 52.4% | MaxTh: 0.74
  >50%: 52.4%(4189L) | >58%: 55.1%(738L) | >66%: 58.8%(114L) | >74%: 55.9%(34L)
Epoch 0014 [P1]| VLoss: 0.6937 | LR: 1.00e-04 | WR: 52.9% | MaxTh: 0.76
  >50%: 52.9%(4189L) | >59%: 53.3%(724L) | >67%: 58.3%(139L) | >76%: 59.5%(37L)
Epoch 0015 [P1]| VLoss: 0.6940 | LR: 1.00e-04 | WR: 53.2% | MaxTh: 0.77
  >50%: 53.2%(4189L) | >59%: 55.9%(681L) | >68%: 60.2%(113L) | >77%: 56.7%(30L)
Epoch 0016 [P1]| VLoss: 0.6942 | LR: 1.00e-04 | WR: 53.1% | MaxTh: 0.79
  >50%: 53.1%(4189L) | >60%: 55.9%(565L) | >69%: 63.2%(117L) | >79%: 53.3%(30L)
Epoch 0017 [P1]| VLoss: 0.6941 | LR: 1.00e-04 | WR: 52.8% | MaxTh: 0.80
  >50%: 52.8%(4189L) | >60%: 53.8%(528L) | >70%: 62.4%(117L) | >80%: 53.1%(32L)
Epoch 0018 [P1]| VLoss: 0.6951 | LR: 1.00e-04 | WR: 53.5% | MaxTh: 0.79
  >50%: 53.5%(4189L) | >60%: 58.5%(516L) | >69%: 62.8%(94L) | >79%: 53.3%(30L)
Epoch 0019 [P1]| VLoss: 0.6956 | LR: 1.00e-04 | WR: 52.2% | MaxTh: 0.80
  >50%: 52.2%(4189L) | >60%: 53.3%(676L) | >70%: 60.4%(139L) | >80%: 61.8%(34L)
Epoch 0020 [P1]| VLoss: 0.6966 | LR: 1.00e-04 | WR: 52.9% | MaxTh: 0.82
  >50%: 52.9%(4189L) | >61%: 53.2%(648L) | >71%: 59.1%(164L) | >82%: 66.7%(36L)

🔁 [PHOENIX #2] Tái nạp trọng số tốt nhất (64.3%) sau 10 epoch stagnation...
  🎯 Chiến lược C: Fine-tune Sâu → LR=1.5e-04, WD tăng (tinh chỉnh precision)
   → Tiếp tục khám phá (còn 38 lần tái sinh)

Epoch 0021 [P2]| VLoss: 0.6937 | LR: 1.53e-04 | WR: 51.8% | MaxTh: 0.73
  >50%: 51.8%(4189L) | >58%: 53.0%(823L) | >65%: 53.3%(135L) | >73%: 61.8%(34L)
Epoch 0022 [P2]| VLoss: 0.6939 | LR: 1.53e-04 | WR: 52.6% | MaxTh: 0.71
  >50%: 52.6%(4189L) | >57%: 55.7%(980L) | >64%: 53.5%(114L) | >71%: 58.8%(34L)
Epoch 0023 [P2]| VLoss: 0.6959 | LR: 1.53e-04 | WR: 53.2% | MaxTh: 0.79
  >50%: 53.2%(4189L) | >60%: 53.0%(698L) | >69%: 54.3%(175L) | >79%: 62.2%(37L)
Epoch 0024 [P2]| VLoss: 0.6941 | LR: 1.53e-04 | WR: 52.9% | MaxTh: 0.77
  >50%: 52.9%(4189L) | >59%: 54.8%(520L) | >68%: 60.4%(106L) | >77%: 59.4%(32L)
Epoch 0025 [P2]| VLoss: 0.6972 | LR: 1.53e-04 | WR: 51.8% | MaxTh: 0.78
  >50%: 51.8%(4189L) | >59%: 53.9%(781L) | >69%: 55.6%(133L) | >78%: 51.5%(33L)
Epoch 0026 [P2]| VLoss: 0.6971 | LR: 1.53e-04 | WR: 51.1% | MaxTh: 0.80
  >50%: 51.1%(4189L) | >60%: 50.2%(703L) | >70%: 56.8%(139L) | >80%: 54.5%(33L)
Epoch 0027 [P2]| VLoss: 0.6942 | LR: 1.53e-04 | WR: 50.6% | MaxTh: 0.77
  >50%: 50.6%(4189L) | >59%: 53.7%(726L) | >68%: 58.8%(131L) | >77%: 50.0%(30L)
Epoch 0028 [P2]| VLoss: 0.6936 | LR: 1.53e-04 | WR: 52.1% | MaxTh: 0.73
  >50%: 52.1%(4189L) | >58%: 55.0%(900L) | >65%: 52.9%(140L) | >73%: 44.1%(34L)
Epoch 0029 [P2]| VLoss: 0.6951 | LR: 1.53e-04 | WR: 53.3% | MaxTh: 0.76
  >50%: 53.3%(4189L) | >59%: 56.3%(753L) | >67%: 61.3%(111L) | >76%: 43.3%(30L)
Epoch 0030 [P2]| VLoss: 0.6935 | LR: 1.53e-04 | WR: 53.5% | MaxTh: 0.76
  >50%: 53.5%(4189L) | >59%: 56.1%(693L) | >67%: 61.5%(122L) | >76%: 52.8%(36L)

🔁 [PHOENIX #3] Tái nạp trọng số tốt nhất (64.3%) sau 10 epoch stagnation...
  🔥 Chiến lược A: LR Spike → LR=7.9e-04 (thoát local minima)
   → Tiếp tục khám phá (còn 37 lần tái sinh)

Epoch 0031 [P3]| VLoss: 0.6921 | LR: 7.91e-04 | WR: 53.5% | MaxTh: 0.68
  >50%: 53.5%(4189L) | >56%: 53.8%(706L) | >62%: 62.9%(105L) | >68%: 59.4%(32L)
Epoch 0032 [P3]| VLoss: 0.6921 | LR: 7.91e-04 | WR: 54.5% | MaxTh: 0.67
  >50%: 54.5%(4189L) | >56%: 57.4%(720L) | >61%: 60.6%(71L) | >67%: 46.9%(32L)
Epoch 0033 [P3]| VLoss: 0.6929 | LR: 7.91e-04 | WR: 54.8% | MaxTh: 0.73
  >50%: 54.8%(4189L) | >58%: 56.3%(616L) | >65%: 64.5%(93L) | >73%: 52.9%(34L)
Epoch 0034 [P3]| VLoss: 0.6915 | LR: 7.91e-04 | WR: 52.3% | MaxTh: 0.73
  >50%: 52.3%(4189L) | >58%: 53.6%(498L) | >65%: 66.3%(86L) | >73%: 58.3%(36L)
Epoch 0035 [P3]| VLoss: 0.6912 | LR: 7.91e-04 | WR: 51.5% | MaxTh: 0.67
  >50%: 51.5%(4189L) | >56%: 55.2%(420L) | >61%: 59.1%(66L) | >67%: 54.8%(31L)
Epoch 0036 [P3]| VLoss: 0.6976 | LR: 7.91e-04 | WR: 51.6% | MaxTh: 0.77
  >50%: 51.6%(4189L) | >59%: 51.2%(844L) | >68%: 52.7%(186L) | >77%: 57.1%(35L)
Epoch 0037 [P3]| VLoss: 0.6936 | LR: 7.91e-04 | WR: 53.7% | MaxTh: 0.74
  >50%: 53.7%(4189L) | >58%: 56.9%(543L) | >66%: 62.9%(89L) | >74%: 50.0%(30L)
Epoch 0038 [P3]| VLoss: 0.6933 | LR: 7.91e-04 | WR: 49.7% | MaxTh: 0.72
  >50%: 49.7%(4189L) | >57%: 53.8%(773L) | >65%: 55.0%(129L) | >72%: 43.3%(30L)
Epoch 0039 [P3]| VLoss: 0.6951 | LR: 7.91e-04 | WR: 51.9% | MaxTh: 0.82
  >50%: 51.9%(4189L) | >61%: 54.0%(717L) | >71%: 60.4%(134L) | >82%: 59.4%(32L)
Epoch 0040 [P3]| VLoss: 0.6990 | LR: 7.91e-04 | WR: 50.8% | MaxTh: 0.83
  >50%: 50.8%(4189L) | >61%: 55.0%(449L) | >72%: 61.6%(99L) | >83%: 58.8%(34L)

🔁 [PHOENIX #4] Tái nạp trọng số tốt nhất (64.3%) sau 10 epoch stagnation...
  🎲 Chiến lược D: Batch Shuffle → batch_size=384 (gradient đa dạng hơn)
   → Tiếp tục khám phá (còn 36 lần tái sinh)

Epoch 0041 [P4]| VLoss: 0.6927 | LR: 7.91e-04 | WR: 51.9% | MaxTh: 0.69
  >50%: 51.9%(4189L) | >56%: 49.8%(993L) | >63%: 55.6%(180L) | >69%: 73.3%(30L)
