=== Task 20260405_091144_train | 2026-04-05T09:11:48.508310 ===
CMD: C:\Users\Le Anh Dung\OneDrive\Apps\ck\forex_predictor\venv\Scripts\python.exe C:\Users\Le Anh Dung\OneDrive\Apps\ck\forex_predictor\src\train_unified.py C:\Users\Le Anh Dung\OneDrive\Apps\ck\forex_predictor\data\bot_config_xau.json

📁 Tạo thư mục run: run_20260405_091200_xauusd_TRANSFORMER

=======================================================
🧠 TRANSFORMER UNIFIED MODEL v5.0 (Deep Phoenix)     
=======================================================
🤖 [V5 ARCHITECTURE] d_model=256, nhead=8, layers=3, window=60

📅 [ROLLING WINDOW SPLIT]
   Train : 2026-01-01 → 2026-04-01 (~90 ngày)
   Test  : 2026-04-01 → 2026-04-05 (4 ngày thực chiến)
   -> Train: 10,416 nến | Test thực chiến: 374 nến
⚖️ [Class Weight] SELL=1.044, BUY=0.959
   (4,987 Sell | 5,429 Buy trong 10,416 mẫu Train)
-> [DATASET] Khởi tạo Cửa sổ Trượt: Tổng 10,356 Mẫu. Loại bỏ 0 Mẫu Rách (Nến Ma > 15%).
-> [DATASET] Khởi tạo Cửa sổ Trượt: Tổng 314 Mẫu. Loại bỏ 0 Mẫu Rách (Nến Ma > 15%).
🧬 [DUAL-STREAM] TARGET (xauusd): 18 | Macro: 68

♻️  Tìm thấy checkpoint: C:\Users\Le Anh Dung\OneDrive\Apps\ck\forex_predictor\runs\run_20260405_090525_xauusd_TRANSFORMER\xauusd_unified_weights.pth
    ✅ TRANSFER LEARNING: Kế thừa Core Memory từ run_20260405_090525_xauusd_TRANSFORMER
    🔄 Đang tính toán Win Rate Baseline trên bộ Validate hiện tại...
    📊 Baseline Win Rate TÍNH LẠI: 61.2%
    💾 Đã lưu các bản đầu tiên (baseline) vào run hiện tại.
Epoch 0001 | VLoss: 0.9488 | LR: 1.00e-04 | WR: 50.6% | MaxTh: 0.94
  >50%: 50.6%(314L) | >65%: 51.2%(244L) | >79%: 58.5%(164L) | >94%: 56.2%(32L)
Epoch 0002 | VLoss: 0.9783 | LR: 1.00e-04 | WR: 51.3% | MaxTh: 0.94
  >50%: 51.3%(314L) | >65%: 50.6%(255L) | >79%: 55.1%(176L) | >94%: 53.5%(43L)
Epoch 0003 | VLoss: 0.9484 | LR: 1.00e-04 | WR: 51.0% | MaxTh: 0.94
  >50%: 51.0%(314L) | >65%: 53.6%(248L) | >79%: 57.7%(175L) | >94%: 55.9%(34L)
Epoch 0004 | VLoss: 1.0085 | LR: 1.00e-04 | WR: 51.9% | MaxTh: 0.95
  >50%: 51.9%(314L) | >65%: 52.6%(249L) | >80%: 54.4%(182L) | >95%: 53.8%(39L)

⚡ [KHẨN CẤP] Dừng khẩn cấp. Đang lưu Hộp đen...
💾 Đã khôi phục và lưu bản tốt nhất an toàn.

✅ HOÀN TẤT → Best WR: 61.2% | Lưu: C:\Users\Le Anh Dung\OneDrive\Apps\ck\forex_predictor\runs\run_20260405_091200_xauusd_TRANSFORMER\xauusd_unified_weights.pth
📊 Đã lưu báo cáo: C:\Users\Le Anh Dung\OneDrive\Apps\ck\forex_predictor\runs\run_20260405_091200_xauusd_TRANSFORMER\unified_report.txt
