2026-04-05 07:20:14 [INFO] ╔══════════════════════════════════════════
2026-04-05 07:20:14 [INFO] ║ CLIENT MASTER v1.3.0 - CLIENT1
2026-04-05 07:20:14 [INFO] ║ Base: C:\Users\Le Anh Dung\OneDrive\Apps\ck\forex_predictor
2026-04-05 07:20:14 [INFO] ║ OS  : Windows 11
2026-04-05 07:20:14 [INFO] ╚══════════════════════════════════════════
2026-04-05 07:20:14 [INFO] Master v1.3.0 san sang. Poll moi 5s...
2026-04-05 07:20:14 [INFO]    Theo doi: C:\Users\Le Anh Dung\OneDrive\Apps\ck\forex_predictor\client1\action_request
2026-04-05 07:20:14 [INFO] ▶ Bắt đầu task [20260405_071908_train] type=TRAIN
2026-04-05 07:20:14 [INFO]   CMD: C:\Users\Le Anh Dung\OneDrive\Apps\ck\forex_predictor\venv\Scripts\python.exe C:\Users\Le Anh Dung\OneDrive\Apps\ck\forex_predictor\src\train_unified.py C:\Users\Le Anh Dung\OneDrive\Apps\ck\forex_predictor\data\bot_config_xau.json
2026-04-05 07:20:14 [INFO]   CWD: C:\Users\Le Anh Dung\OneDrive\Apps\ck\forex_predictor\src
2026-04-05 07:20:14 [INFO]   LOG: C:\Users\Le Anh Dung\OneDrive\Apps\ck\forex_predictor\client1\logs\20260405_071908_train.log  [non-blocking, stream qua PIPE]
2026-04-05 09:05:03 [INFO] ▶ Bắt đầu task [20260405_090458_kill] type=KILL
2026-04-05 09:05:03 [INFO]   KILL: dừng process pid=37408 (task=20260405_071908_train)
2026-04-05 09:05:03 [INFO]   KILL xong.
2026-04-05 09:05:03 [INFO]   ✗ Task [20260405_071908_train] xong | exit_code=1
2026-04-05 09:05:08 [INFO] ▶ Bắt đầu task [20260405_072140_train] type=TRAIN
2026-04-05 09:05:08 [INFO]   CMD: C:\Users\Le Anh Dung\OneDrive\Apps\ck\forex_predictor\venv\Scripts\python.exe C:\Users\Le Anh Dung\OneDrive\Apps\ck\forex_predictor\src\train_unified.py C:\Users\Le Anh Dung\OneDrive\Apps\ck\forex_predictor\data\bot_config_xau.json
2026-04-05 09:05:08 [INFO]   CWD: C:\Users\Le Anh Dung\OneDrive\Apps\ck\forex_predictor\src
2026-04-05 09:05:08 [INFO]   LOG: C:\Users\Le Anh Dung\OneDrive\Apps\ck\forex_predictor\client1\logs\20260405_072140_train.log  [non-blocking, stream qua PIPE]
2026-04-05 09:10:41 [INFO] Nhận tín hiệu dừng...
2026-04-05 09:10:42 [INFO]   ✓ Task [20260405_072140_train] xong | exit_code=0
2026-04-05 09:10:45 [INFO] Master da dung.
2026-04-05 09:10:57 [INFO] ╔══════════════════════════════════════════
2026-04-05 09:10:57 [INFO] ║ CLIENT MASTER v1.3.0 - CLIENT1
2026-04-05 09:10:57 [INFO] ║ Base: C:\Users\Le Anh Dung\OneDrive\Apps\ck\forex_predictor
2026-04-05 09:10:58 [INFO] ║ OS  : Windows 11
2026-04-05 09:10:58 [INFO] ╚══════════════════════════════════════════
2026-04-05 09:10:58 [INFO] Master v1.3.0 san sang. Poll moi 5s...
2026-04-05 09:10:58 [INFO]    Theo doi: C:\Users\Le Anh Dung\OneDrive\Apps\ck\forex_predictor\client1\action_request
2026-04-05 09:11:48 [INFO] ▶ Bắt đầu task [20260405_091144_train] type=TRAIN
2026-04-05 09:11:48 [INFO]   CMD: C:\Users\Le Anh Dung\OneDrive\Apps\ck\forex_predictor\venv\Scripts\python.exe C:\Users\Le Anh Dung\OneDrive\Apps\ck\forex_predictor\src\train_unified.py C:\Users\Le Anh Dung\OneDrive\Apps\ck\forex_predictor\data\bot_config_xau.json
2026-04-05 09:11:48 [INFO]   CWD: C:\Users\Le Anh Dung\OneDrive\Apps\ck\forex_predictor\src
2026-04-05 09:11:48 [INFO]   LOG: C:\Users\Le Anh Dung\OneDrive\Apps\ck\forex_predictor\client1\logs\20260405_091144_train.log  [non-blocking, stream qua PIPE]
2026-04-05 09:39:51 [INFO] Nhận tín hiệu dừng...
2026-04-05 09:39:55 [INFO]   ✓ Task [20260405_091144_train] xong | exit_code=0
2026-04-05 09:39:55 [INFO] Master da dung.
2026-04-05 09:40:00 [INFO] ╔══════════════════════════════════════════
2026-04-05 09:40:00 [INFO] ║ CLIENT MASTER v1.3.0 - CLIENT1
2026-04-05 09:40:00 [INFO] ║ Base: C:\Users\Le Anh Dung\OneDrive\Apps\ck\forex_predictor
2026-04-05 09:40:00 [INFO] ║ OS  : Windows 11
2026-04-05 09:40:00 [INFO] ╚══════════════════════════════════════════
2026-04-05 09:40:00 [INFO] Master v1.3.0 san sang. Poll moi 5s...
2026-04-05 09:40:00 [INFO]    Theo doi: C:\Users\Le Anh Dung\OneDrive\Apps\ck\forex_predictor\client1\action_request
2026-04-05 09:40:05 [INFO] Nhận tín hiệu dừng...
2026-04-05 09:40:05 [INFO] Master da dung.
2026-04-05 09:43:46 [INFO] ╔══════════════════════════════════════════
2026-04-05 09:43:46 [INFO] ║ CLIENT MASTER v1.3.0 - CLIENT1
2026-04-05 09:43:46 [INFO] ║ Base: C:\Users\Le Anh Dung\OneDrive\Apps\ck\forex_predictor
2026-04-05 09:43:46 [INFO] ║ OS  : Windows 11
2026-04-05 09:43:46 [INFO] ╚══════════════════════════════════════════
2026-04-05 09:43:46 [INFO] Master v1.3.0 san sang. Poll moi 5s...
2026-04-05 09:43:46 [INFO]    Theo doi: C:\Users\Le Anh Dung\OneDrive\Apps\ck\forex_predictor\client1\action_request
2026-04-05 09:50:46 [INFO] ▶ Bắt đầu task [20260405_095045_train] type=TRAIN
2026-04-05 09:50:46 [INFO]   CMD: C:\Users\Le Anh Dung\OneDrive\Apps\ck\forex_predictor\venv\Scripts\python.exe C:\Users\Le Anh Dung\OneDrive\Apps\ck\forex_predictor\src\train_unified.py C:\Users\Le Anh Dung\OneDrive\Apps\ck\forex_predictor\data\bot_config_xau.json
2026-04-05 09:50:46 [INFO]   CWD: C:\Users\Le Anh Dung\OneDrive\Apps\ck\forex_predictor\src
2026-04-05 09:50:46 [INFO]   LOG: C:\Users\Le Anh Dung\OneDrive\Apps\ck\forex_predictor\client1\logs\20260405_095045_train.log  [non-blocking, stream qua PIPE]
2026-04-05 09:56:25 [INFO] Nhận tín hiệu dừng...
2026-04-05 09:56:27 [INFO] Master da dung.
2026-04-05 10:02:27 [INFO] ╔══════════════════════════════════════════
2026-04-05 10:02:27 [INFO] ║ CLIENT MASTER v1.3.0 - CLIENT1
2026-04-05 10:02:27 [INFO] ║ Base: C:\Users\Le Anh Dung\OneDrive\Apps\ck\forex_predictor
2026-04-05 10:02:27 [INFO] ║ OS  : Windows 11
2026-04-05 10:02:27 [INFO] ╚══════════════════════════════════════════
2026-04-05 10:02:27 [INFO] Master v1.3.0 san sang. Poll moi 5s...
2026-04-05 10:02:27 [INFO]    Theo doi: C:\Users\Le Anh Dung\OneDrive\Apps\ck\forex_predictor\client1\action_request
2026-04-05 10:02:42 [INFO] ▶ Bắt đầu task [20260405_100239_exec] type=EXECUTE
2026-04-05 10:02:42 [INFO]   CMD: C:\Users\Le Anh Dung\OneDrive\Apps\ck\forex_predictor\venv\Scripts\python.exe C:\Users\Le Anh Dung\OneDrive\Apps\ck\forex_predictor\src\train_final.py
2026-04-05 10:02:42 [INFO]   CWD: C:\Users\Le Anh Dung\OneDrive\Apps\ck\forex_predictor
2026-04-05 10:02:42 [INFO]   LOG: C:\Users\Le Anh Dung\OneDrive\Apps\ck\forex_predictor\client1\logs\20260405_100239_exec.log  [non-blocking, stream qua PIPE]
2026-04-05 10:04:57 [INFO] ▶ Bắt đầu task [20260405_100453_kill] type=KILL
2026-04-05 10:04:57 [INFO]   KILL: dừng process pid=2068 (task=20260405_100239_exec)
2026-04-05 10:04:58 [INFO]   KILL xong.
2026-04-05 10:04:58 [INFO]   ✗ Task [20260405_100239_exec] xong | exit_code=1
2026-04-05 10:05:48 [INFO] ▶ Bắt đầu task [20260405_100545_train] type=TRAIN
2026-04-05 10:05:48 [INFO]   CMD: C:\Users\Le Anh Dung\OneDrive\Apps\ck\forex_predictor\venv\Scripts\python.exe C:\Users\Le Anh Dung\OneDrive\Apps\ck\forex_predictor\src\train_unified.py C:\Users\Le Anh Dung\OneDrive\Apps\ck\forex_predictor\data\bot_config_xau.json
2026-04-05 10:05:48 [INFO]   CWD: C:\Users\Le Anh Dung\OneDrive\Apps\ck\forex_predictor\src
2026-04-05 10:05:48 [INFO]   LOG: C:\Users\Le Anh Dung\OneDrive\Apps\ck\forex_predictor\client1\logs\20260405_100545_train.log  [non-blocking, stream qua PIPE]
2026-04-05 10:53:35 [INFO] ▶ Bắt đầu task [20260405_105331_kill] type=KILL
2026-04-05 10:53:35 [INFO]   KILL: dừng process pid=65064 (task=20260405_100545_train)
2026-04-05 10:53:35 [INFO]   KILL xong.
2026-04-05 10:53:35 [INFO]   ✗ Task [20260405_100545_train] xong | exit_code=1
2026-04-05 10:53:40 [INFO] ▶ Bắt đầu task [20260405_105334_train] type=TRAIN
2026-04-05 10:53:40 [INFO]   CMD: C:\Users\Le Anh Dung\OneDrive\Apps\ck\forex_predictor\venv\Scripts\python.exe C:\Users\Le Anh Dung\OneDrive\Apps\ck\forex_predictor\src\train_unified.py C:\Users\Le Anh Dung\OneDrive\Apps\ck\forex_predictor\data\bot_config_xau.json
2026-04-05 10:53:40 [INFO]   CWD: C:\Users\Le Anh Dung\OneDrive\Apps\ck\forex_predictor\src
2026-04-05 10:53:40 [INFO]   LOG: C:\Users\Le Anh Dung\OneDrive\Apps\ck\forex_predictor\client1\logs\20260405_105334_train.log  [non-blocking, stream qua PIPE]
2026-04-05 10:56:50 [INFO] ▶ Bắt đầu task [20260405_105649_kill] type=KILL
2026-04-05 10:56:50 [INFO]   KILL: dừng process pid=57396 (task=20260405_105334_train)
2026-04-05 10:56:50 [INFO]   KILL xong.
2026-04-05 10:56:50 [INFO]   ✗ Task [20260405_105334_train] xong | exit_code=1
2026-04-05 10:56:55 [INFO] ▶ Bắt đầu task [20260405_105652_train] type=TRAIN
2026-04-05 10:56:55 [INFO]   CMD: C:\Users\Le Anh Dung\OneDrive\Apps\ck\forex_predictor\venv\Scripts\python.exe C:\Users\Le Anh Dung\OneDrive\Apps\ck\forex_predictor\src\train_unified.py C:\Users\Le Anh Dung\OneDrive\Apps\ck\forex_predictor\data\bot_config_xau.json
2026-04-05 10:56:55 [INFO]   CWD: C:\Users\Le Anh Dung\OneDrive\Apps\ck\forex_predictor\src
2026-04-05 10:56:55 [INFO]   LOG: C:\Users\Le Anh Dung\OneDrive\Apps\ck\forex_predictor\client1\logs\20260405_105652_train.log  [non-blocking, stream qua PIPE]
2026-04-05 14:56:05 [INFO] ▶ Bắt đầu task [20260405_145600_kill] type=KILL
2026-04-05 14:56:05 [INFO]   KILL: dừng process pid=47012 (task=20260405_105652_train)
2026-04-05 14:56:05 [INFO]   KILL xong.
2026-04-05 14:56:05 [INFO]   ✗ Task [20260405_105652_train] xong | exit_code=1
