--- BÁO CÁO VÀO LỆNH (TICKET: 8044887549) ---
Thời gian mở: 2026-04-03 00:30:10
Loại lệnh: BUY
AI Lực Khuyến Nghị (Prediction): 63.71%
Khối lượng: 0.01
Entry Price: 4650.57
SL Đặt: 4645.57
TP Đặt: 4660.57
--- BẮT ĐẦU THEO DÕI TRACING TICK ---
[00:30:10] TRACING: Bid=4650.4 | Ask=4650.57 | Giá trị Hợp đồng: -0.17$
[00:30:20] TRACING: Bid=4649.84 | Ask=4650.01 | Giá trị Hợp đồng: -0.73$
[00:30:30] 🛠️ ĐÃ DỜI SL THÀNH CÔNG: SL Mới = 4646.54
[00:30:30] TRACING: Bid=4651.05 | Ask=4651.22 | Giá trị Hợp đồng: +0.48$
[00:30:40] TRACING: Bid=4649.0 | Ask=4649.17 | Giá trị Hợp đồng: -1.57$
[00:30:50] TRACING: Bid=4647.09 | Ask=4647.26 | Giá trị Hợp đồng: -3.48$
[00:31:00] TRACING: Bid=4646.84 | Ask=4647.01 | Giá trị Hợp đồng: -3.73$
[00:31:09] 🔒 LỆNH ĐÃ ĐÓNG (Nguyên nhân: UNKNOWN) | TỔNG KẾT PnL: Lãi/Lỗ -3.73$
[00:31:09] VÀO GIAI ĐOẠN 5 PHÚT GIÁM SÁT HẬU KỲ...
[00:31:20] POST-CLOSE (+10s): Bid=4648.96 | Ask=4649.13
[00:31:30] POST-CLOSE (+20s): Bid=4649.64 | Ask=4649.81
[00:31:39] POST-CLOSE (+29s): Bid=4651.61 | Ask=4651.78
[00:31:49] POST-CLOSE (+39s): Bid=4651.89 | Ask=4652.06
[00:31:59] POST-CLOSE (+49s): Bid=4650.11 | Ask=4650.15
[00:32:09] POST-CLOSE (+59s): Bid=4650.77 | Ask=4650.94
[00:32:19] POST-CLOSE (+69s): Bid=4649.88 | Ask=4650.05
[00:32:28] POST-CLOSE (+78s): Bid=4651.31 | Ask=4651.71
[00:32:38] POST-CLOSE (+88s): Bid=4650.84 | Ask=4651.01
[00:32:47] POST-CLOSE (+97s): Bid=4650.24 | Ask=4650.41
[00:32:57] POST-CLOSE (+107s): Bid=4650.52 | Ask=4650.69
[00:33:07] POST-CLOSE (+117s): Bid=4651.96 | Ask=4652.13
[00:33:18] POST-CLOSE (+128s): Bid=4653.19 | Ask=4653.36
[00:33:28] POST-CLOSE (+138s): Bid=4652.34 | Ask=4652.51
[00:33:38] POST-CLOSE (+148s): Bid=4652.21 | Ask=4652.38
[00:33:47] POST-CLOSE (+157s): Bid=4652.65 | Ask=4652.82
[00:33:57] POST-CLOSE (+167s): Bid=4651.5 | Ask=4651.67
[00:34:07] POST-CLOSE (+177s): Bid=4650.31 | Ask=4650.5
[00:34:16] POST-CLOSE (+186s): Bid=4651.94 | Ask=4652.11
[00:34:28] POST-CLOSE (+198s): Bid=4653.92 | Ask=4654.09
[00:34:39] POST-CLOSE (+209s): Bid=4653.67 | Ask=4653.84
[00:34:49] POST-CLOSE (+219s): Bid=4653.72 | Ask=4653.89
[00:34:59] POST-CLOSE (+229s): Bid=4651.97 | Ask=4652.14
[00:35:10] POST-CLOSE (+240s): Bid=4651.82 | Ask=4651.99
[00:35:19] POST-CLOSE (+249s): Bid=4649.88 | Ask=4650.05
[00:35:30] POST-CLOSE (+260s): Bid=4650.82 | Ask=4650.99
[00:35:40] POST-CLOSE (+270s): Bid=4648.57 | Ask=4648.74
[00:35:50] POST-CLOSE (+280s): Bid=4650.12 | Ask=4650.29
[00:36:01] POST-CLOSE (+291s): Bid=4649.79 | Ask=4649.93
[00:36:12] 🛑 KẾT THÚC 5 PHÚT GIÁM SÁT HẬU KỲ. ĐÓNG LOG.
