[2026-04-06 11:27:09] [BOT] Unified Transformer V5: 256
[2026-04-06 11:27:09] [BOT] TransformerModel d=256, heads=8, layers=3, win=60
[2026-04-06 11:27:09] [BOT] Bắt đầu kết nối MT5 initialization...
[2026-04-06 11:27:09] [BOT] ✅ Kết nối MT5 thành công!
[2026-04-06 11:27:09] [BOT] Thay đổi Phiên: asian. Đang nạp xauusd_unified_weights.pth...
[2026-04-06 11:27:12] [HF CLOUD] XÁC ĐỊNH NÃO BỘ TỐT NHẤT: run_20260406_000356_xauusd_TRANSFORMER
[2026-04-06 11:27:13]  ├─ ⚠️ Không thể đồng bộ scaler.pkl từ đám mây: 404 Client Error. (Request ID: Root=1-69d33621-09746e205bca71070c9e1566;31fbe724-5257-41f8-83c6-308a9ccfaeca)

Entry Not Found for url: https://huggingface.co/datasets/dung5k/argo_data/resolve/main/runs/run_20260406_000356_xauusd_TRANSFORMER/scaler.pkl.
[2026-04-06 11:27:13]  ├─ 🧠 [METRIX DATA] Não bộ yêu cầu TỔNG CỘNG 86 Dimensions để nạp đạn!
[2026-04-06 11:27:13]  ├─ Danh sách Features nhận diện mẫu: XAUUSD_close_log_ret, XAUUSD_volume, XAUUSD_real_volume, AUDUSD_close_log_ret, AUDUSD_volume, AUDUSD_real_volume, EURUSD_close_log_ret, EURUSD_volume, EURUSD_real_volume, GBPUSD_close_log_ret...
[2026-04-06 11:27:13] [HF CLOUD] Đã tải thành công HỆ TƯ TƯỞNG từ Đám mây!
[2026-04-06 11:27:13] [BOT] Đang ốp Ma trận trọng số (Local Cache): C:\Users\Le Anh Dung\.cache\huggingface\hub\datasets--dung5k--argo_data\snapshots\27ebe5ce85f03484e1a2134ea53e9afd72325414\runs\run_20260406_000356_xauusd_TRANSFORMER\xauusd_unified_weights.pth
[2026-04-06 11:27:13] [BOT] Nạp não bộ thành công: run_20260406_000356_xauusd_TRANSFORMER
[2026-04-06 11:27:13] 
[11:27:09] 🔄 BẮT ĐẦU VẬN CÔNG HÍT THỞ (TRỰC TIẾP TỪ RAM)...
[2026-04-06 11:27:13]  🌐 [ROUTER] Bắt đầu Quét Đa-Sàn MT5 cho các Sensor Mạng Nơ-ron...
[2026-04-06 11:27:13]    => Khớp Sensor [USDCADm] vào lưới MetaTrader 5 EXNESS
[2026-04-06 11:27:13]    => Khớp Sensor [US500m] vào lưới MetaTrader 5 EXNESS
[2026-04-06 11:27:13]    => Khớp Sensor [GBPUSDm] vào lưới MetaTrader 5 EXNESS
[2026-04-06 11:27:13]    => Khớp Sensor [DXYm] vào lưới MetaTrader 5 EXNESS
[2026-04-06 11:27:13]    => Khớp Sensor [XAGUSDm] vào lưới MetaTrader 5 EXNESS
[2026-04-06 11:27:13]    => Khớp Sensor [USDJPYm] vào lưới MetaTrader 5 EXNESS
[2026-04-06 11:27:13]    => Khớp Sensor [ETHUSDm] vào lưới MetaTrader 5 EXNESS
[2026-04-06 11:27:13]    => Khớp Sensor [US30m] vào lưới MetaTrader 5 EXNESS
[2026-04-06 11:27:13]    => Khớp Sensor [BCHUSDm] vào lưới MetaTrader 5 EXNESS
[2026-04-06 11:27:13]    => Khớp Sensor [XAUUSDm] vào lưới MetaTrader 5 EXNESS
[2026-04-06 11:27:13]    => Khớp Sensor [BTCUSDm] vào lưới MetaTrader 5 EXNESS
[2026-04-06 11:27:13]    => Khớp Sensor [USTECm] vào lưới MetaTrader 5 EXNESS
[2026-04-06 11:27:13]    => Khớp Sensor [SOLUSDm] vào lưới MetaTrader 5 EXNESS
[2026-04-06 11:27:13]    => Khớp Sensor [BNBUSDm] vào lưới MetaTrader 5 EXNESS
[2026-04-06 11:27:13]    => Khớp Sensor [XRPUSDm] vào lưới MetaTrader 5 EXNESS
[2026-04-06 11:27:13]    => Khớp Sensor [AUDUSDm] vào lưới MetaTrader 5 EXNESS
[2026-04-06 11:27:13]    => Khớp Sensor [JP225m] vào lưới MetaTrader 5 EXNESS
[2026-04-06 11:27:13]    => Khớp Sensor [EURUSDm] vào lưới MetaTrader 5 EXNESS
[2026-04-06 11:27:13]    => Khớp Sensor [LTCUSDm] vào lưới MetaTrader 5 EXNESS
[2026-04-06 11:27:13]    => Khớp Sensor [ADAUSDm] vào lưới MetaTrader 5 EXNESS
[2026-04-06 11:27:13]    => Khớp Sensor [VIXYm] vào lưới MetaTrader 5
[2026-04-06 11:27:14]  🌐 [ROUTER] Quy hoạch xong 21/22 luồng tín hiệu!
[2026-04-06 11:27:14]  ├─ Trạm Lõi lượng tử (RAM Mapped): ✅ HOÀN TẤT (1.07s)
[2026-04-06 11:27:14]  📊 KIỂM KÊ KHO: RAM Nạp thành công 119 nến.
[2026-04-06 11:27:18] 
[11:27:18] 🔄 BẮT ĐẦU VẬN CÔNG HÍT THỞ (TRỰC TIẾP TỪ RAM)...
[2026-04-06 11:27:18]  ├─ Trạm Lõi lượng tử (RAM Mapped): ✅ HOÀN TẤT (0.21s)
[2026-04-06 11:27:18]  📊 KIỂM KÊ KHO: RAM Nạp thành công 119 nến.
[2026-04-06 11:27:21] 
[11:27:21] 🔄 BẮT ĐẦU VẬN CÔNG HÍT THỞ (TRỰC TIẾP TỪ RAM)...
[2026-04-06 11:27:22]  ├─ Trạm Lõi lượng tử (RAM Mapped): ✅ HOÀN TẤT (0.21s)
[2026-04-06 11:27:22]  📊 KIỂM KÊ KHO: RAM Nạp thành công 119 nến.
[2026-04-06 11:27:25] 
[11:27:25] 🔄 BẮT ĐẦU VẬN CÔNG HÍT THỞ (TRỰC TIẾP TỪ RAM)...
[2026-04-06 11:27:25]  ├─ Trạm Lõi lượng tử (RAM Mapped): ✅ HOÀN TẤT (0.25s)
[2026-04-06 11:27:25]  📊 KIỂM KÊ KHO: RAM Nạp thành công 119 nến.
[2026-04-06 11:27:29] 
[11:27:29] 🔄 BẮT ĐẦU VẬN CÔNG HÍT THỞ (TRỰC TIẾP TỪ RAM)...
[2026-04-06 11:27:29]  ├─ Trạm Lõi lượng tử (RAM Mapped): ✅ HOÀN TẤT (0.21s)
[2026-04-06 11:27:29]  📊 KIỂM KÊ KHO: RAM Nạp thành công 119 nến.
[2026-04-06 11:27:33] 
[11:27:33] 🔄 BẮT ĐẦU VẬN CÔNG HÍT THỞ (TRỰC TIẾP TỪ RAM)...
[2026-04-06 11:27:33]  ├─ Trạm Lõi lượng tử (RAM Mapped): ✅ HOÀN TẤT (0.23s)
[2026-04-06 11:27:33]  📊 KIỂM KÊ KHO: RAM Nạp thành công 119 nến.
[2026-04-06 11:27:36] 
[11:27:36] 🔄 BẮT ĐẦU VẬN CÔNG HÍT THỞ (TRỰC TIẾP TỪ RAM)...
[2026-04-06 11:27:37]  ├─ Trạm Lõi lượng tử (RAM Mapped): ✅ HOÀN TẤT (0.37s)
[2026-04-06 11:27:37]  📊 KIỂM KÊ KHO: RAM Nạp thành công 119 nến.
[2026-04-06 11:27:40] 
[11:27:40] 🔄 BẮT ĐẦU VẬN CÔNG HÍT THỞ (TRỰC TIẾP TỪ RAM)...
[2026-04-06 11:27:41]  ├─ Trạm Lõi lượng tử (RAM Mapped): ✅ HOÀN TẤT (0.22s)
[2026-04-06 11:27:41]  📊 KIỂM KÊ KHO: RAM Nạp thành công 119 nến.
[2026-04-06 11:27:44] 
[11:27:44] 🔄 BẮT ĐẦU VẬN CÔNG HÍT THỞ (TRỰC TIẾP TỪ RAM)...
[2026-04-06 11:27:44]  ├─ Trạm Lõi lượng tử (RAM Mapped): ✅ HOÀN TẤT (0.23s)
[2026-04-06 11:27:44]  📊 KIỂM KÊ KHO: RAM Nạp thành công 119 nến.
[2026-04-06 11:27:48] 
[11:27:48] 🔄 BẮT ĐẦU VẬN CÔNG HÍT THỞ (TRỰC TIẾP TỪ RAM)...
[2026-04-06 11:27:48]  ├─ Trạm Lõi lượng tử (RAM Mapped): ✅ HOÀN TẤT (0.20s)
[2026-04-06 11:27:48]  📊 KIỂM KÊ KHO: RAM Nạp thành công 119 nến.
[2026-04-06 11:27:51] 
[11:27:51] 🔄 BẮT ĐẦU VẬN CÔNG HÍT THỞ (TRỰC TIẾP TỪ RAM)...
[2026-04-06 11:27:52]  ├─ Trạm Lõi lượng tử (RAM Mapped): ✅ HOÀN TẤT (0.44s)
[2026-04-06 11:27:52]  📊 KIỂM KÊ KHO: RAM Nạp thành công 119 nến.
[2026-04-06 11:27:55] 
[11:27:55] 🔄 BẮT ĐẦU VẬN CÔNG HÍT THỞ (TRỰC TIẾP TỪ RAM)...
[2026-04-06 11:27:56]  ├─ Trạm Lõi lượng tử (RAM Mapped): ✅ HOÀN TẤT (0.20s)
[2026-04-06 11:27:56]  📊 KIỂM KÊ KHO: RAM Nạp thành công 119 nến.
[2026-04-06 11:27:59] 
[11:27:59] 🔄 BẮT ĐẦU VẬN CÔNG HÍT THỞ (TRỰC TIẾP TỪ RAM)...
[2026-04-06 11:27:59]  ├─ Trạm Lõi lượng tử (RAM Mapped): ✅ HOÀN TẤT (0.18s)
[2026-04-06 11:27:59]  📊 KIỂM KÊ KHO: RAM Nạp thành công 119 nến.
[2026-04-06 11:28:03] 
[11:28:03] 🔄 BẮT ĐẦU VẬN CÔNG HÍT THỞ (TRỰC TIẾP TỪ RAM)...
[2026-04-06 11:28:03]  ├─ Trạm Lõi lượng tử (RAM Mapped): ✅ HOÀN TẤT (0.21s)
[2026-04-06 11:28:03]  📊 KIỂM KÊ KHO: RAM Nạp thành công 119 nến.
[2026-04-06 11:28:07] 
[11:28:07] 🔄 BẮT ĐẦU VẬN CÔNG HÍT THỞ (TRỰC TIẾP TỪ RAM)...
[2026-04-06 11:28:07]  ├─ Trạm Lõi lượng tử (RAM Mapped): ✅ HOÀN TẤT (0.21s)
[2026-04-06 11:28:07]  📊 KIỂM KÊ KHO: RAM Nạp thành công 119 nến.
[2026-04-06 11:28:10] 
[11:28:10] 🔄 BẮT ĐẦU VẬN CÔNG HÍT THỞ (TRỰC TIẾP TỪ RAM)...
[2026-04-06 11:28:10]  ├─ Trạm Lõi lượng tử (RAM Mapped): ✅ HOÀN TẤT (0.21s)
[2026-04-06 11:28:10]  📊 KIỂM KÊ KHO: RAM Nạp thành công 119 nến.
[2026-04-06 11:28:14] 
[11:28:14] 🔄 BẮT ĐẦU VẬN CÔNG HÍT THỞ (TRỰC TIẾP TỪ RAM)...
[2026-04-06 11:28:14]  ├─ Trạm Lõi lượng tử (RAM Mapped): ✅ HOÀN TẤT (0.29s)
[2026-04-06 11:28:14]  📊 KIỂM KÊ KHO: RAM Nạp thành công 119 nến.
[2026-04-06 11:28:18] 
[11:28:18] 🔄 BẮT ĐẦU VẬN CÔNG HÍT THỞ (TRỰC TIẾP TỪ RAM)...
[2026-04-06 11:28:18]  ├─ Trạm Lõi lượng tử (RAM Mapped): ✅ HOÀN TẤT (0.19s)
[2026-04-06 11:28:18]  📊 KIỂM KÊ KHO: RAM Nạp thành công 119 nến.
[2026-04-06 11:28:21] 
[11:28:21] 🔄 BẮT ĐẦU VẬN CÔNG HÍT THỞ (TRỰC TIẾP TỪ RAM)...
[2026-04-06 11:28:22]  ├─ Trạm Lõi lượng tử (RAM Mapped): ✅ HOÀN TẤT (0.23s)
[2026-04-06 11:28:22]  📊 KIỂM KÊ KHO: RAM Nạp thành công 119 nến.
[2026-04-06 11:28:25] 
[11:28:25] 🔄 BẮT ĐẦU VẬN CÔNG HÍT THỞ (TRỰC TIẾP TỪ RAM)...
[2026-04-06 11:28:25]  ├─ Trạm Lõi lượng tử (RAM Mapped): ✅ HOÀN TẤT (0.20s)
[2026-04-06 11:28:25]  📊 KIỂM KÊ KHO: RAM Nạp thành công 119 nến.
[2026-04-06 11:28:29] 
[11:28:29] 🔄 BẮT ĐẦU VẬN CÔNG HÍT THỞ (TRỰC TIẾP TỪ RAM)...
[2026-04-06 11:28:29]  ├─ Trạm Lõi lượng tử (RAM Mapped): ✅ HOÀN TẤT (0.12s)
[2026-04-06 11:28:29]  📊 KIỂM KÊ KHO: RAM Nạp thành công 119 nến.
[2026-04-06 11:28:33] 
[11:28:33] 🔄 BẮT ĐẦU VẬN CÔNG HÍT THỞ (TRỰC TIẾP TỪ RAM)...
[2026-04-06 11:28:33]  ├─ Trạm Lõi lượng tử (RAM Mapped): ✅ HOÀN TẤT (0.25s)
[2026-04-06 11:28:33]  📊 KIỂM KÊ KHO: RAM Nạp thành công 119 nến.
[2026-04-06 11:28:36] 
[11:28:36] 🔄 BẮT ĐẦU VẬN CÔNG HÍT THỞ (TRỰC TIẾP TỪ RAM)...
[2026-04-06 11:28:36]  ├─ Trạm Lõi lượng tử (RAM Mapped): ✅ HOÀN TẤT (0.11s)
[2026-04-06 11:28:36]  📊 KIỂM KÊ KHO: RAM Nạp thành công 119 nến.
[2026-04-06 11:28:40] 
[11:28:40] 🔄 BẮT ĐẦU VẬN CÔNG HÍT THỞ (TRỰC TIẾP TỪ RAM)...
[2026-04-06 11:28:40]  ├─ Trạm Lõi lượng tử (RAM Mapped): ✅ HOÀN TẤT (0.19s)
[2026-04-06 11:28:40]  📊 KIỂM KÊ KHO: RAM Nạp thành công 119 nến.
[2026-04-06 11:28:44] 
[11:28:44] 🔄 BẮT ĐẦU VẬN CÔNG HÍT THỞ (TRỰC TIẾP TỪ RAM)...
[2026-04-06 11:28:44]  ├─ Trạm Lõi lượng tử (RAM Mapped): ✅ HOÀN TẤT (0.11s)
[2026-04-06 11:28:44]  📊 KIỂM KÊ KHO: RAM Nạp thành công 119 nến.
[2026-04-06 11:28:47] 
[11:28:47] 🔄 BẮT ĐẦU VẬN CÔNG HÍT THỞ (TRỰC TIẾP TỪ RAM)...
[2026-04-06 11:28:47]  ├─ Trạm Lõi lượng tử (RAM Mapped): ✅ HOÀN TẤT (0.10s)
[2026-04-06 11:28:47]  📊 KIỂM KÊ KHO: RAM Nạp thành công 119 nến.
[2026-04-06 11:28:51] 
[11:28:51] 🔄 BẮT ĐẦU VẬN CÔNG HÍT THỞ (TRỰC TIẾP TỪ RAM)...
[2026-04-06 11:28:51]  ├─ Trạm Lõi lượng tử (RAM Mapped): ✅ HOÀN TẤT (0.14s)
[2026-04-06 11:28:51]  📊 KIỂM KÊ KHO: RAM Nạp thành công 119 nến.
[2026-04-06 11:28:55] 
[11:28:55] 🔄 BẮT ĐẦU VẬN CÔNG HÍT THỞ (TRỰC TIẾP TỪ RAM)...
[2026-04-06 11:28:55]  ├─ Trạm Lõi lượng tử (RAM Mapped): ✅ HOÀN TẤT (0.30s)
[2026-04-06 11:28:55]  📊 KIỂM KÊ KHO: RAM Nạp thành công 119 nến.
[2026-04-06 11:28:58] 
[11:28:58] 🔄 BẮT ĐẦU VẬN CÔNG HÍT THỞ (TRỰC TIẾP TỪ RAM)...
[2026-04-06 11:28:59]  ├─ Trạm Lõi lượng tử (RAM Mapped): ✅ HOÀN TẤT (0.28s)
[2026-04-06 11:28:59]  📊 KIỂM KÊ KHO: RAM Nạp thành công 119 nến.
[2026-04-06 11:29:02] 
[11:29:02] 🔄 BẮT ĐẦU VẬN CÔNG HÍT THỞ (TRỰC TIẾP TỪ RAM)...
[2026-04-06 11:29:02]  ├─ Trạm Lõi lượng tử (RAM Mapped): ✅ HOÀN TẤT (0.22s)
[2026-04-06 11:29:02]  📊 KIỂM KÊ KHO: RAM Nạp thành công 119 nến.
[2026-04-06 11:29:06] 
[11:29:06] 🔄 BẮT ĐẦU VẬN CÔNG HÍT THỞ (TRỰC TIẾP TỪ RAM)...
[2026-04-06 11:29:06]  ├─ Trạm Lõi lượng tử (RAM Mapped): ✅ HOÀN TẤT (0.17s)
[2026-04-06 11:29:06]  📊 KIỂM KÊ KHO: RAM Nạp thành công 119 nến.
[2026-04-06 11:29:10] 
[11:29:10] 🔄 BẮT ĐẦU VẬN CÔNG HÍT THỞ (TRỰC TIẾP TỪ RAM)...
[2026-04-06 11:29:10]  ├─ Trạm Lõi lượng tử (RAM Mapped): ✅ HOÀN TẤT (0.19s)
[2026-04-06 11:29:10]  📊 KIỂM KÊ KHO: RAM Nạp thành công 119 nến.
[2026-04-06 11:29:13] 
[11:29:13] 🔄 BẮT ĐẦU VẬN CÔNG HÍT THỞ (TRỰC TIẾP TỪ RAM)...
[2026-04-06 11:29:14]  ├─ Trạm Lõi lượng tử (RAM Mapped): ✅ HOÀN TẤT (0.19s)
[2026-04-06 11:29:14]  📊 KIỂM KÊ KHO: RAM Nạp thành công 119 nến.
[2026-04-06 11:29:17] 
[11:29:17] 🔄 BẮT ĐẦU VẬN CÔNG HÍT THỞ (TRỰC TIẾP TỪ RAM)...
[2026-04-06 11:29:17]  ├─ Trạm Lõi lượng tử (RAM Mapped): ✅ HOÀN TẤT (0.20s)
[2026-04-06 11:29:17]  📊 KIỂM KÊ KHO: RAM Nạp thành công 119 nến.
[2026-04-06 11:29:21] 
[11:29:21] 🔄 BẮT ĐẦU VẬN CÔNG HÍT THỞ (TRỰC TIẾP TỪ RAM)...
[2026-04-06 11:29:21]  ├─ Trạm Lõi lượng tử (RAM Mapped): ✅ HOÀN TẤT (0.27s)
[2026-04-06 11:29:21]  📊 KIỂM KÊ KHO: RAM Nạp thành công 119 nến.
[2026-04-06 11:29:25] 
[11:29:25] 🔄 BẮT ĐẦU VẬN CÔNG HÍT THỞ (TRỰC TIẾP TỪ RAM)...
[2026-04-06 11:29:25]  ├─ Trạm Lõi lượng tử (RAM Mapped): ✅ HOÀN TẤT (0.16s)
[2026-04-06 11:29:25]  📊 KIỂM KÊ KHO: RAM Nạp thành công 119 nến.
[2026-04-06 11:29:28] 
[11:29:28] 🔄 BẮT ĐẦU VẬN CÔNG HÍT THỞ (TRỰC TIẾP TỪ RAM)...
[2026-04-06 11:29:28]  ├─ Trạm Lõi lượng tử (RAM Mapped): ✅ HOÀN TẤT (0.19s)
[2026-04-06 11:29:28]  📊 KIỂM KÊ KHO: RAM Nạp thành công 119 nến.
[2026-04-06 11:29:32] 
[11:29:32] 🔄 BẮT ĐẦU VẬN CÔNG HÍT THỞ (TRỰC TIẾP TỪ RAM)...
[2026-04-06 11:29:32]  ├─ Trạm Lõi lượng tử (RAM Mapped): ✅ HOÀN TẤT (0.19s)
[2026-04-06 11:29:32]  📊 KIỂM KÊ KHO: RAM Nạp thành công 119 nến.
[2026-04-06 11:29:36] 
[11:29:36] 🔄 BẮT ĐẦU VẬN CÔNG HÍT THỞ (TRỰC TIẾP TỪ RAM)...
[2026-04-06 11:29:36]  ├─ Trạm Lõi lượng tử (RAM Mapped): ✅ HOÀN TẤT (0.25s)
[2026-04-06 11:29:36]  📊 KIỂM KÊ KHO: RAM Nạp thành công 119 nến.
